work/useit/opensource/mobilesafe/proguard/seeds.txt
com.itheima.mobilesafe.AntiVirusActivity
com.itheima.mobilesafe.AppLockActivity
com.itheima.mobilesafe.AppLockActivity: void onClick(android.view.View)
com.itheima.mobilesafe.AppManagerActivity
com.itheima.mobilesafe.AppManagerActivity: void onClick(android.view.View)
com.itheima.mobilesafe.AtoolsActivity
com.itheima.mobilesafe.AtoolsActivity: void numberAddressQuery(android.view.View)
com.itheima.mobilesafe.AtoolsActivity: void commonNumQuery(android.view.View)
com.itheima.mobilesafe.AtoolsActivity: void backupSms(android.view.View)
com.itheima.mobilesafe.AtoolsActivity: void enterAppLock(android.view.View)
com.itheima.mobilesafe.CallSmsSafeActivity
com.itheima.mobilesafe.CallSmsSafeActivity: void jump(android.view.View)
com.itheima.mobilesafe.CallSmsSafeActivity: void addBlackNumber(android.view.View)
com.itheima.mobilesafe.CallSmsSafeActivity: void onClick(android.view.View)
com.itheima.mobilesafe.CleanCacheActivity
com.itheima.mobilesafe.CleanCacheActivity: void cleanAll(android.view.View)
com.itheima.mobilesafe.CleanSDActivity
com.itheima.mobilesafe.CleanTabActivity
com.itheima.mobilesafe.CommonNumberActivity
com.itheima.mobilesafe.CopyOfCallSmsSafeActivity
com.itheima.mobilesafe.DragViewActivity
com.itheima.mobilesafe.EditBlackNumberDialog
com.itheima.mobilesafe.EnterPwdActivity
com.itheima.mobilesafe.EnterPwdActivity: void enter(android.view.View)
com.itheima.mobilesafe.HomeActivity
com.itheima.mobilesafe.HomeActivity: void onClick(android.view.View)
com.itheima.mobilesafe.LostFindActivity
com.itheima.mobilesafe.LostFindActivity: void reEntrySetup(android.view.View)
com.itheima.mobilesafe.MobliesafeApplication
com.itheima.mobilesafe.NumberQueryActivity
com.itheima.mobilesafe.NumberQueryActivity: void query(android.view.View)
com.itheima.mobilesafe.R$anim: int cycle_7
com.itheima.mobilesafe.R$anim: int shake
com.itheima.mobilesafe.R$anim: int tran_next_in
com.itheima.mobilesafe.R$anim: int tran_next_out
com.itheima.mobilesafe.R$anim: int tran_pre_in
com.itheima.mobilesafe.R$anim: int tran_pre_out
com.itheima.mobilesafe.R$attr: int checked_text
com.itheima.mobilesafe.R$attr: int title
com.itheima.mobilesafe.R$attr: int unchecked_text
com.itheima.mobilesafe.R$color: int gray
com.itheima.mobilesafe.R$color: int textColorPrimary
com.itheima.mobilesafe.R$color: int textColorPrimaryDark
com.itheima.mobilesafe.R$color: int textColorSecondary
com.itheima.mobilesafe.R$color: int textColorSecondaryContent
com.itheima.mobilesafe.R$drawable: int app
com.itheima.mobilesafe.R$drawable: int atools
com.itheima.mobilesafe.R$drawable: int bg
com.itheima.mobilesafe.R$drawable: int bind
com.itheima.mobilesafe.R$drawable: int bind_sim_bg_normal
com.itheima.mobilesafe.R$drawable: int bind_sim_bg_pressed
com.itheima.mobilesafe.R$drawable: int bind_sim_bg_selector
com.itheima.mobilesafe.R$drawable: int button_bg_green
com.itheima.mobilesafe.R$drawable: int button_bg_green_on
com.itheima.mobilesafe.R$drawable: int button_bg_selector
com.itheima.mobilesafe.R$drawable: int call_locate_blue
com.itheima.mobilesafe.R$drawable: int call_locate_gray
com.itheima.mobilesafe.R$drawable: int call_locate_green
com.itheima.mobilesafe.R$drawable: int call_locate_orange
com.itheima.mobilesafe.R$drawable: int call_locate_white
com.itheima.mobilesafe.R$drawable: int callmsgsafe
com.itheima.mobilesafe.R$drawable: int contact
com.itheima.mobilesafe.R$drawable: int gps
com.itheima.mobilesafe.R$drawable: int home_item_selector
com.itheima.mobilesafe.R$drawable: int ic_delete_btn
com.itheima.mobilesafe.R$drawable: int ic_launcher
com.itheima.mobilesafe.R$drawable: int ic_scanner_malware
com.itheima.mobilesafe.R$drawable: int img1
com.itheima.mobilesafe.R$drawable: int img2
com.itheima.mobilesafe.R$drawable: int img3
com.itheima.mobilesafe.R$drawable: int jiantou1
com.itheima.mobilesafe.R$drawable: int list_devider
com.itheima.mobilesafe.R$drawable: int local_popup_bg
com.itheima.mobilesafe.R$drawable: int lock