work/useit/opensource/mobilesafe/proguard/mapping.txt
com.itheima.mobilesafe.AntiVirusActivity -> com.itheima.mobilesafe.AntiVirusActivity:
    android.widget.ImageView iv_scan -> a
    android.content.pm.PackageManager pm -> b
    android.widget.TextView scan_status -> c
    android.widget.ProgressBar pb -> d
    android.widget.LinearLayout ll_container -> e
    java.util.List virusInfos -> f
    void onCreate(android.os.Bundle) -> onCreate
    android.content.pm.PackageManager access$0(com.itheima.mobilesafe.AntiVirusActivity) -> a
    android.widget.ProgressBar access$1(com.itheima.mobilesafe.AntiVirusActivity) -> b
    java.util.List access$2(com.itheima.mobilesafe.AntiVirusActivity) -> c
    android.widget.TextView access$3(com.itheima.mobilesafe.AntiVirusActivity) -> d
    android.widget.ImageView access$4(com.itheima.mobilesafe.AntiVirusActivity) -> e
    android.widget.LinearLayout access$5(com.itheima.mobilesafe.AntiVirusActivity) -> f
com.itheima.mobilesafe.AntiVirusActivity$1 -> com.itheima.mobilesafe.a:
    com.itheima.mobilesafe.AntiVirusActivity this$0 -> a
    java.lang.Void doInBackground(java.lang.Void[]) -> a
    void onPreExecute() -> onPreExecute
    void onPostExecute(java.lang.Void) -> a
    void onProgressUpdate(java.lang.Object[]) -> onProgressUpdate
    void onPostExecute(java.lang.Object) -> onPostExecute
    java.lang.Object doInBackground(java.lang.Object[]) -> doInBackground
    com.itheima.mobilesafe.AntiVirusActivity access$2(com.itheima.mobilesafe.AntiVirusActivity$1) -> a
com.itheima.mobilesafe.AntiVirusActivity$1$1 -> com.itheima.mobilesafe.b:
    com.itheima.mobilesafe.AntiVirusActivity$1 this$1 -> a
    void onClick(android.content.DialogInterface,int) -> onClick
com.itheima.mobilesafe.AntiVirusActivity$1$2 -> com.itheima.mobilesafe.c:
    com.itheima.mobilesafe.AntiVirusActivity$1 this$1 -> a
    void onClick(android.content.DialogInterface,int) -> onClick
com.itheima.mobilesafe.AppLockActivity -> com.itheima.mobilesafe.AppLockActivity:
    android.widget.TextView tv_locked -> a
    android.widget.TextView tv_unlock -> b
    android.widget.LinearLayout ll_locked -> c
    android.widget.LinearLayout ll_unlock -> d
    android.widget.ListView lv_locked -> e
    android.widget.ListView lv_unlock -> f
    android.widget.TextView tv_locked_count -> g
    android.widget.TextView tv_unlock_count -> h
    com.itheima.mobilesafe.db.dao.AppLockDao dao -> i
    java.util.List unlockAppInfos -> j
    java.util.List lockedAppInfos -> k
    com.itheima.mobilesafe.AppLockActivity$AppLockAdapter unlockAdapter -> l
    com.itheima.mobilesafe.AppLockActivity$AppLockAdapter lockedAdapter -> m
    void onCreate(android.os.Bundle) -> onCreate
    void onClick(android.view.View) -> onClick
    android.widget.TextView access$0(com.itheima.mobilesafe.AppLockActivity) -> a
    android.widget.TextView access$1(com.itheima.mobilesafe.AppLockActivity) -> b
    android.widget.ListView access$2(com.itheima.mobilesafe.AppLockActivity) -> c
    com.itheima.mobilesafe.db.dao.AppLockDao access$3(com.itheima.mobilesafe.AppLockActivity) -> d
    java.util.List access$4(com.itheima.mobilesafe.AppLockActivity) -> e
    java.util.List access$5(com.itheima.mobilesafe.AppLockActivity) -> f
    com.itheima.mobilesafe.AppLockActivity$AppLockAdapter access$6(com.itheima.mobilesafe.AppLockActivity) -> g
com.itheima.mobilesafe.AppLockActivity$1 -> com.itheima.mobilesafe.d:
    com.itheima.mobilesafe.AppLockActivity this$0 -> a
    void onItemClick(android.widget.AdapterView,android.view.View,int,long) -> onItemClick
    com.itheima.mobilesafe.AppLockActivity access$0(com.itheima.mobilesafe.AppLockActivity$1) -> a
com.itheima.mobilesafe.AppLockActivity$1$1 -> com.itheima.mobilesafe.e:
    com.itheima.mobilesafe.AppLockActivity$1 this$1 -> a
    int val$position -> b
    void onPreExecute() -> a
    void onPostExecute() -> b
    void doInBackground() -> c
...
android.content.pm.IPackageDataObserver -> a.a.a.a:
    void onRemoveCompleted(java.lang.String,boolean) -> a
android.content.pm.IPackageDataObserver$Stub -> a.a.a.b:
    android.os.IBinder asBinder() -> asBinder
    boolean onTransact(int,android.os.Parcel,android.os.Parcel,int) -> onTransact
android.content.pm.IPackageStatsObserver -> a.a.a.c:
    void onGetStatsCompleted(android.content.pm.PackageStats,boolean) -> a
android.content.pm.IPackageStatsObserver$Stub -> a.a.a.d:
    android.os.IBinder asBinder() -> asBinder
    boolean onTransact(int,android.os.Parcel,android.os.Parcel,int) -> onTransact
com.android.internal.telephony.ITelephony -> com.a.a.a.a:
    void dial(java.lang.String) -> a
    void call(java.lang.String) -> b
    boolean showCallScreen() -> a
    boolean showCallScreenWithDialpad(boolean) -> a
    boolean endCall() -> b
    void answerRingingCall() -> c
    void silenceRinger() -> d
    boolean isOffhook() -> e
    boolean isRinging() -> f
    boolean isIdle() -> g
    boolean isRadioOn() -> h
    boolean isSimPinEnabled() -> i
    void cancelMissedCallsNotification() -> j
    boolean supplyPin(java.lang.String) -> c
    boolean handlePinMmi(java.lang.String) -> d
    void toggleRadioOnOff() -> k
    boolean setRadio(boolean) -> b
    void updateServiceLocation() -> l
    void enableLocationUpdates() -> m
    void disableLocationUpdates() -> n
    int enableApnType(java.lang.String) -> e
    int disableApnType(java.lang.String) -> f
    boolean enableDataConnectivity() -> o
    boolean disableDataConnectivity() -> p
    boolean isDataConnectivityPossible() -> q
    android.os.Bundle getCellLocation() -> r
    java.util.List getNeighboringCellInfo() -> s
    int getCallState() -> t
    int getDataActivity() -> u
    int getDataState() -> v
    int getActivePhoneType() -> w
    int getCdmaEriIconIndex() -> x
    int getCdmaEriIconMode() -> y
    java.lang.String getCdmaEriText() -> z
    boolean getCdmaNeedsProvisioning() -> A
    int getVoiceMessageCount() -> B
    int getNetworkType() -> C
    boolean hasIccCard() -> D
com.android.internal.telephony.ITelephony$Stub -> com.a.a.a.b:
    com.android.internal.telephony.ITelephony asInterface(android.os.IBinder) -> a
    boolean onTransact(int,android.os.Parcel,android.os.Parcel,int) -> onTransact
com.android.internal.telephony.ITelephony$Stub$Proxy -> com.a.a.a.c:
    android.os.IBinder mRemote -> a
    android.os.IBinder asBinder() -> asBinder
    void dial(java.lang.String) -> a
    void call(java.lang.String) -> b
    boolean showCallScreen() -> a
    boolean showCallScreenWithDialpad(boolean) -> a
    boolean endCall() -> b
    void answerRingingCall() -> c
    void silenceRinger() -> d
    boolean isOffhook() -> e
    boolean isRinging() -> f
    boolean isIdle() -> g
    boolean isRadioOn() -> h
    boolean isSimPinEnabled() -> i
    void cancelMissedCallsNotification() -> j
    boolean supplyPin(java.lang.String) -> c
    boolean handlePinMmi(java.lang.String) -> d
    void toggleRadioOnOff() -> k
    boolean setRadio(boolean) -> b
    void updateServiceLocation() -> l
    void enableLocationUpdates() -> m
    void disableLocationUpdates() -> n
    int enableApnType(java.lang.String) -> e
    int disableApnType(java.lang.String) -> f
    boolean enableDataConnectivity() -> o
    boolean disableDataConnectivity() -> p
    boolean isDataConnectivityPossible() -> q
    android.os.Bundle getCellLocation() -> r
    java.util.List getNeighboringCellInfo() -> s
    int getCallState() -> t
    int getDataActivity() -> u
    int getDataState() -> v
    int getActivePhoneType() -> w
    int getCdmaEriIconIndex() -> x
    int getCdmaEriIconMode() -> y
    java.lang.String getCdmaEriText() -> z
    boolean getCdmaNeedsProvisioning() -> A