work/useit/opensource/mobilesafe/proguard/usage.txt
com.itheima.mobilesafe.AppManagerActivity:
    protected static final java.lang.String TAG
com.itheima.mobilesafe.BuildConfig
com.itheima.mobilesafe.CallSmsSafeActivity:
    public static final java.lang.String TAG
com.itheima.mobilesafe.CleanSDActivity:
    32:41:public void deleteFile(java.io.File)
com.itheima.mobilesafe.CopyOfCallSmsSafeActivity:
    public static final java.lang.String TAG
com.itheima.mobilesafe.DragViewActivity:
    protected static final java.lang.String TAG
com.itheima.mobilesafe.HomeActivity:
    private android.widget.EditText et_normal_entry_pwd_confirm
com.itheima.mobilesafe.MyExceptionHandler:
    private static final java.lang.String TAG
com.itheima.mobilesafe.R:
    10:10:public R()
com.itheima.mobilesafe.R$anim
com.itheima.mobilesafe.R$attr
com.itheima.mobilesafe.R$color
com.itheima.mobilesafe.R$drawable
com.itheima.mobilesafe.R$id
com.itheima.mobilesafe.R$layout
com.itheima.mobilesafe.R$menu
com.itheima.mobilesafe.R$raw
com.itheima.mobilesafe.R$string
com.itheima.mobilesafe.R$style
com.itheima.mobilesafe.R$styleable:
    305:305:public R$styleable()
com.itheima.mobilesafe.R$xml
com.itheima.mobilesafe.SplashActivity:
    public static final int PARSE_SUCCESS
    public static final int PARSE_ERROR
    public static final int SERVER_ERROR
    public static final int URL_ERROR
    public static final int NETWORK_ERROR
    public static final int DOWNLOAD_SUCCESS
    public static final int DOWNLOAD_ERROR
    protected static final java.lang.String TAG
    protected static final int COPY_DB_ERROR
    protected static final int COPY_DB_SUCCESS
com.itheima.mobilesafe.db.dao.AddressDao:
    private static final java.lang.String path
    6:6:public AddressDao()
com.itheima.mobilesafe.db.dao.AppLockDao:
    76:87:public java.util.List findAll()
com.itheima.mobilesafe.db.dao.BlackNumberDao:
    92:111:public java.util.List findAll()
com.itheima.mobilesafe.db.dao.CommonNumDao:
    private static final java.lang.String path
    9:9:public CommonNumDao()
    18:27:public static int getGroupCount()
    52:63:public static java.lang.String getGroupName(int)
    71:82:public static int getChildCountByPosition(int)
    92:106:public static java.lang.String getChildInfoByPosition(int,int)
com.itheima.mobilesafe.db.dao.VirusDao:
    private static final java.lang.String path
    6:6:public VirusDao()
com.itheima.mobilesafe.engine.ContactInfoProvider:
    13:13:public ContactInfoProvider()
com.itheima.mobilesafe.engine.SmsUtils:
    15:15:public SmsUtils()
com.itheima.mobilesafe.engine.TaskInfoProvider:
    18:18:public TaskInfoProvider()
com.itheima.mobilesafe.engine.UpdateInfoParser:
    17:17:public UpdateInfoParser()
com.itheima.mobilesafe.receiver.BootCompleteReceiver:
    private static final java.lang.String TAG
com.itheima.mobilesafe.receiver.CustomBroadcastReceiver:
    private static final java.lang.String TAG
com.itheima.mobilesafe.receiver.LockScreenReceiver:
    private static final java.lang.String TAG
com.itheima.mobilesafe.receiver.OutCallReceiver:
    private static final java.lang.String TAG
com.itheima.mobilesafe.receiver.SmsReceiver:
    private static final java.lang.String TAG
com.itheima.mobilesafe.service.CallSmsFirewallService:
    public static final java.lang.String TAG
com.itheima.mobilesafe.service.CallSmsSafeService:
    public static final java.lang.String TAG
com.itheima.mobilesafe.service.CopyOfWatchDogService:
    protected static final java.lang.String TAG
com.itheima.mobilesafe.service.WatchDogService:
    protected static final java.lang.String TAG
com.itheima.mobilesafe.test.TestAddressDB
com.itheima.mobilesafe.test.TestBlackNumberDB
com.itheima.mobilesafe.test.TestContactInfoProvider
com.itheima.mobilesafe.test.TestInsertSms
com.itheima.mobilesafe.utils.AssetCopyUtils:
    10:10:public AssetCopyUtils()
com.itheima.mobilesafe.utils.DensityUtil:
    5:5:public DensityUtil()
    18:19:public static int px2dip(android.content.Context,float)
...
android.annotation.SuppressLint
android.annotation.TargetApi
android.content.pm.IPackageDataObserver$Stub:
    private static final java.lang.String DESCRIPTOR
    static final int TRANSACTION_onRemoveCompleted
    29:36:public static android.content.pm.IPackageDataObserver asInterface(android.os.IBinder)
android.content.pm.IPackageDataObserver$Stub$Proxy
android.content.pm.IPackageStatsObserver$Stub:
    private static final java.lang.String DESCRIPTOR
    static final int TRANSACTION_onGetStatsCompleted
    29:36:public static android.content.pm.IPackageStatsObserver asInterface(android.os.IBinder)
android.content.pm.IPackageStatsObserver$Stub$Proxy
com.android.internal.telephony.ITelephony$Stub:
    private static final java.lang.String DESCRIPTOR
    static final int TRANSACTION_dial
    static final int TRANSACTION_call
    static final int TRANSACTION_showCallScreen
    static final int TRANSACTION_showCallScreenWithDialpad
    static final int TRANSACTION_endCall
    static final int TRANSACTION_answerRingingCall
    static final int TRANSACTION_silenceRinger
    static final int TRANSACTION_isOffhook
    static final int TRANSACTION_isRinging
    static final int TRANSACTION_isIdle
    static final int TRANSACTION_isRadioOn
    static final int TRANSACTION_isSimPinEnabled
    static final int TRANSACTION_cancelMissedCallsNotification
    static final int TRANSACTION_supplyPin
    static final int TRANSACTION_handlePinMmi
    static final int TRANSACTION_toggleRadioOnOff
    static final int TRANSACTION_setRadio
    static final int TRANSACTION_updateServiceLocation
    static final int TRANSACTION_enableLocationUpdates
    static final int TRANSACTION_disableLocationUpdates
    static final int TRANSACTION_enableApnType
    static final int TRANSACTION_disableApnType
    static final int TRANSACTION_enableDataConnectivity
    static final int TRANSACTION_disableDataConnectivity
    static final int TRANSACTION_isDataConnectivityPossible
    static final int TRANSACTION_getCellLocation
    static final int TRANSACTION_getNeighboringCellInfo
    static final int TRANSACTION_getCallState
com.android.internal.telephony.ITelephony$Stub$Proxy:
    385:385:public java.lang.String getInterfaceDescriptor()